c:\users\mark\desktop\advanced engines creation\assignment v2.5\collisiondetection\debug\vc120.pdb
c:\users\mark\desktop\advanced engines creation\assignment v2.5\collisiondetection\debug\vc120.idb
c:\users\mark\desktop\advanced engines creation\assignment v2.5\collisiondetection\debug\3dsloader.obj
c:\users\mark\desktop\advanced engines creation\assignment v2.5\collisiondetection\debug\aicontroller.obj
c:\users\mark\desktop\advanced engines creation\assignment v2.5\collisiondetection\debug\collectable.obj
c:\users\mark\desktop\advanced engines creation\assignment v2.5\collisiondetection\debug\gamecompletel1screen.obj
c:\users\mark\desktop\advanced engines creation\assignment v2.5\collisiondetection\debug\gamecompletel2screen.obj
c:\users\mark\desktop\advanced engines creation\assignment v2.5\collisiondetection\debug\gameoverscreen.obj
c:\users\mark\desktop\advanced engines creation\assignment v2.5\collisiondetection\debug\gamescreen.obj
c:\users\mark\desktop\advanced engines creation\assignment v2.5\collisiondetection\debug\gamescreenlevel1.obj
c:\users\mark\desktop\advanced engines creation\assignment v2.5\collisiondetection\debug\gamescreenlevel2.obj
c:\users\mark\desktop\advanced engines creation\assignment v2.5\collisiondetection\debug\gamescreenmanager.obj
c:\users\mark\desktop\advanced engines creation\assignment v2.5\collisiondetection\debug\infoscreen.obj
c:\users\mark\desktop\advanced engines creation\assignment v2.5\collisiondetection\debug\inputmanager.obj
c:\users\mark\desktop\advanced engines creation\assignment v2.5\collisiondetection\debug\mainmenu.obj
c:\users\mark\desktop\advanced engines creation\assignment v2.5\collisiondetection\debug\object3ds.obj
c:\users\mark\desktop\advanced engines creation\assignment v2.5\collisiondetection\debug\sound.obj
c:\users\mark\desktop\advanced engines creation\assignment v2.5\collisiondetection\debug\source.obj
c:\users\mark\desktop\advanced engines creation\assignment v2.5\collisiondetection\debug\teapot.obj
c:\users\mark\desktop\advanced engines creation\assignment v2.5\collisiondetection\debug\texture.obj
i:\university work\first and second year\advanced engines creation\mark mansell - assignment 2\assignment v2.5\assignment v2.5\collisiondetection\debug\vc142.pdb
i:\university work\first and second year\advanced engines creation\mark mansell - assignment 2\assignment v2.5\assignment v2.5\collisiondetection\debug\vc142.idb
i:\university work\first and second year\advanced engines creation\mark mansell - assignment 2\assignment v2.5\assignment v2.5\collisiondetection\debug\texture.obj
i:\university work\first and second year\advanced engines creation\mark mansell - assignment 2\assignment v2.5\assignment v2.5\collisiondetection\debug\teapot.obj
i:\university work\first and second year\advanced engines creation\mark mansell - assignment 2\assignment v2.5\assignment v2.5\collisiondetection\debug\source.obj
i:\university work\first and second year\advanced engines creation\mark mansell - assignment 2\assignment v2.5\assignment v2.5\collisiondetection\debug\sound.obj
i:\university work\first and second year\advanced engines creation\mark mansell - assignment 2\assignment v2.5\assignment v2.5\collisiondetection\debug\object3ds.obj
i:\university work\first and second year\advanced engines creation\mark mansell - assignment 2\assignment v2.5\assignment v2.5\collisiondetection\debug\mainmenu.obj
i:\university work\first and second year\advanced engines creation\mark mansell - assignment 2\assignment v2.5\assignment v2.5\collisiondetection\debug\inputmanager.obj
i:\university work\first and second year\advanced engines creation\mark mansell - assignment 2\assignment v2.5\assignment v2.5\collisiondetection\debug\infoscreen.obj
i:\university work\first and second year\advanced engines creation\mark mansell - assignment 2\assignment v2.5\assignment v2.5\collisiondetection\debug\gamescreenmanager.obj
i:\university work\first and second year\advanced engines creation\mark mansell - assignment 2\assignment v2.5\assignment v2.5\collisiondetection\debug\gamescreenlevel2.obj
i:\university work\first and second year\advanced engines creation\mark mansell - assignment 2\assignment v2.5\assignment v2.5\collisiondetection\debug\gamescreenlevel1.obj
i:\university work\first and second year\advanced engines creation\mark mansell - assignment 2\assignment v2.5\assignment v2.5\collisiondetection\debug\gamescreen.obj
i:\university work\first and second year\advanced engines creation\mark mansell - assignment 2\assignment v2.5\assignment v2.5\collisiondetection\debug\gameoverscreen.obj
i:\university work\first and second year\advanced engines creation\mark mansell - assignment 2\assignment v2.5\assignment v2.5\collisiondetection\debug\gamecompletel2screen.obj
i:\university work\first and second year\advanced engines creation\mark mansell - assignment 2\assignment v2.5\assignment v2.5\collisiondetection\debug\gamecompletel1screen.obj
i:\university work\first and second year\advanced engines creation\mark mansell - assignment 2\assignment v2.5\assignment v2.5\collisiondetection\debug\collectable.obj
i:\university work\first and second year\advanced engines creation\mark mansell - assignment 2\assignment v2.5\assignment v2.5\collisiondetection\debug\aicontroller.obj
i:\university work\first and second year\advanced engines creation\mark mansell - assignment 2\assignment v2.5\assignment v2.5\collisiondetection\debug\3dsloader.obj
c:\users\mark\desktop\advanced engines creation\assignment v2.5\debug\assignment v1.0.exe
c:\users\mark\desktop\advanced engines creation\assignment v2.5\debug\assignment v1.0.pdb
i:\university work\first and second year\advanced engines creation\mark mansell - assignment 2\assignment v2.5\assignment v2.5\collisiondetection\debug\vc120.idb
i:\university work\first and second year\advanced engines creation\mark mansell - assignment 2\assignment v2.5\assignment v2.5\collisiondetection\debug\vc120.pdb
i:\university work\first and second year\advanced engines creation\mark mansell - assignment 2\assignment v2.5\assignment v2.5\debug\assignment v1.0.pdb
i:\university work\first and second year\advanced engines creation\mark mansell - assignment 2\assignment v2.5\assignment v2.5\collisiondetection\debug\assignment v1.0.tlog\cl.command.1.tlog
i:\university work\first and second year\advanced engines creation\mark mansell - assignment 2\assignment v2.5\assignment v2.5\collisiondetection\debug\assignment v1.0.tlog\cl.read.1.tlog
i:\university work\first and second year\advanced engines creation\mark mansell - assignment 2\assignment v2.5\assignment v2.5\collisiondetection\debug\assignment v1.0.tlog\cl.write.1.tlog
i:\university work\first and second year\advanced engines creation\mark mansell - assignment 2\assignment v2.5\assignment v2.5\collisiondetection\debug\assignment v1.0.tlog\link-cvtres.read.1.tlog
i:\university work\first and second year\advanced engines creation\mark mansell - assignment 2\assignment v2.5\assignment v2.5\collisiondetection\debug\assignment v1.0.tlog\link-cvtres.write.1.tlog
i:\university work\first and second year\advanced engines creation\mark mansell - assignment 2\assignment v2.5\assignment v2.5\collisiondetection\debug\assignment v1.0.tlog\link-rc.read.1.tlog
i:\university work\first and second year\advanced engines creation\mark mansell - assignment 2\assignment v2.5\assignment v2.5\collisiondetection\debug\assignment v1.0.tlog\link-rc.write.1.tlog
i:\university work\first and second year\advanced engines creation\mark mansell - assignment 2\assignment v2.5\assignment v2.5\collisiondetection\debug\assignment v1.0.tlog\link.command.1.tlog
i:\university work\first and second year\advanced engines creation\mark mansell - assignment 2\assignment v2.5\assignment v2.5\collisiondetection\debug\assignment v1.0.tlog\link.delete.1.tlog
i:\university work\first and second year\advanced engines creation\mark mansell - assignment 2\assignment v2.5\assignment v2.5\collisiondetection\debug\assignment v1.0.tlog\link.read.1.tlog
i:\university work\first and second year\advanced engines creation\mark mansell - assignment 2\assignment v2.5\assignment v2.5\collisiondetection\debug\assignment v1.0.tlog\link.write.1.tlog
